<?xml version="1.0" encoding="UTF-8"?>
<!-- Generated by org.testng.reporters.JUnitXMLReporter -->
<testsuite ignored="2" hostname="Abdulraheem" failures="0" tests="1" name="Default test" time="15.236" errors="0" timestamp="2024-09-03T19:41:43 EET">
  <testcase classname="myClass" name="ClickOnNumbersOnly" time="15.202"/>
  <testcase classname="myClass" name="ClickOnAllButtons" time="0.0">
    <ignored/>
  </testcase> <!-- ClickOnAllButtons -->
  <testcase classname="myClass" name="checkTime" time="0.0">
    <ignored/>
  </testcase> <!-- checkTime -->
</testsuite> <!-- Default test -->
