<?xml version="1.0" encoding="UTF-8"?>
<testng-results ignored="2" total="3" passed="1" failed="0" skipped="0">
  <reporter-output>
  </reporter-output>
  <suite started-at="2024-09-03T19:41:28 EET" name="Default suite" finished-at="2024-09-03T19:41:43 EET" duration-ms="15236">
    <groups>
    </groups>
    <test started-at="2024-09-03T19:41:28 EET" name="Default test" finished-at="2024-09-03T19:41:43 EET" duration-ms="15236">
      <class name="myClass">
        <test-method is-config="true" signature="mysetup()[pri:0, instance:myClass@59474f18]" started-at="2024-09-03T19:41:28 EET" name="mysetup" finished-at="2024-09-03T19:41:28 EET" duration-ms="9" status="PASS">
          <reporter-output>
          </reporter-output>
        </test-method> <!-- mysetup -->
        <test-method signature="ClickOnNumbersOnly()[pri:1, instance:myClass@59474f18]" started-at="2024-09-03T19:41:28 EET" name="ClickOnNumbersOnly" finished-at="2024-09-03T19:41:43 EET" duration-ms="15202" status="PASS">
          <reporter-output>
          </reporter-output>
        </test-method> <!-- ClickOnNumbersOnly -->
      </class> <!-- myClass -->
    </test> <!-- Default test -->
  </suite> <!-- Default suite -->
</testng-results>
